Traceback (most recent call last):
  File ".\conjunto-rf.py", line 1, in <module>
    from sklearn.ensemble import RandomForestClassifier
  File "C:\Python27\lib\site-packages\sklearn\__init__.py", line 134, in <module>
    from .base import clone
  File "C:\Python27\lib\site-packages\sklearn\base.py", line 9, in <module>
    import numpy as np
  File "C:\Python27\lib\site-packages\numpy\__init__.py", line 142, in <module>
    from . import add_newdocs
  File "C:\Python27\lib\site-packages\numpy\add_newdocs.py", line 13, in <module>
    from numpy.lib import add_newdoc
  File "C:\Python27\lib\site-packages\numpy\lib\__init__.py", line 19, in <module>
    from .polynomial import *
  File "C:\Python27\lib\site-packages\numpy\lib\polynomial.py", line 20, in <module>
    from numpy.linalg import eigvals, lstsq, inv
  File "C:\Python27\lib\site-packages\numpy\linalg\__init__.py", line 51, in <module>
    from .linalg import *
  File "C:\Python27\lib\site-packages\numpy\linalg\linalg.py", line 87, in <module>
    _determine_error_states()
  File "C:\Python27\lib\site-packages\numpy\linalg\linalg.py", line 79, in _determine_error_states
    bufsize = errobj[0]
KeyboardInterrupt
